[debug] [2024-04-09T02:22:41.840Z] ----------------------------------------------------------------------
[debug] [2024-04-09T02:22:41.842Z] Command:       /usr/local/bin/firebase /Users/peterputros/.cache/firebase/tools/lib/node_modules/firebase-tools/lib/bin/firebase deploy
[debug] [2024-04-09T02:22:41.842Z] CLI Version:   11.22.0
[debug] [2024-04-09T02:22:41.842Z] Platform:      darwin
[debug] [2024-04-09T02:22:41.842Z] Node Version:  v16.16.0
[debug] [2024-04-09T02:22:41.845Z] Time:          Mon Apr 08 2024 22:22:41 GMT-0400 (Eastern Daylight Time)
[debug] [2024-04-09T02:22:41.845Z] ----------------------------------------------------------------------
[debug] 
[debug] [2024-04-09T02:22:41.916Z] Object ".functions" in "firebase.json" has unknown property: {"additionalProperty":"timeout"}
[debug] [2024-04-09T02:22:41.917Z] Field ".functions" in "firebase.json" is possibly invalid: should be array
[debug] [2024-04-09T02:22:41.917Z] Field ".functions" in "firebase.json" is possibly invalid: should match some schema in anyOf
[debug] [2024-04-09T02:22:41.920Z] > command requires scopes: ["email","openid","https://www.googleapis.com/auth/cloudplatformprojects.readonly","https://www.googleapis.com/auth/firebase","https://www.googleapis.com/auth/cloud-platform"]
[debug] [2024-04-09T02:22:41.921Z] > authorizing via signed-in user (peterput19@gmail.com)
[debug] [2024-04-09T02:22:41.922Z] [iam] checking project posmate-5fc0a for permissions ["cloudfunctions.functions.create","cloudfunctions.functions.delete","cloudfunctions.functions.get","cloudfunctions.functions.list","cloudfunctions.functions.update","cloudfunctions.operations.get","datastore.indexes.create","datastore.indexes.delete","datastore.indexes.list","datastore.indexes.update","firebase.projects.get","firebasedatabase.instances.update","firebasehosting.sites.update","firebaserules.releases.create","firebaserules.releases.update","firebaserules.rulesets.create"]
[debug] [2024-04-09T02:22:41.923Z] >>> [apiv2][query] POST https://cloudresourcemanager.googleapis.com/v1/projects/posmate-5fc0a:testIamPermissions [none]
[debug] [2024-04-09T02:22:41.924Z] >>> [apiv2][(partial)header] POST https://cloudresourcemanager.googleapis.com/v1/projects/posmate-5fc0a:testIamPermissions x-goog-quota-user=projects/posmate-5fc0a
[debug] [2024-04-09T02:22:41.924Z] >>> [apiv2][body] POST https://cloudresourcemanager.googleapis.com/v1/projects/posmate-5fc0a:testIamPermissions {"permissions":["cloudfunctions.functions.create","cloudfunctions.functions.delete","cloudfunctions.functions.get","cloudfunctions.functions.list","cloudfunctions.functions.update","cloudfunctions.operations.get","datastore.indexes.create","datastore.indexes.delete","datastore.indexes.list","datastore.indexes.update","firebase.projects.get","firebasedatabase.instances.update","firebasehosting.sites.update","firebaserules.releases.create","firebaserules.releases.update","firebaserules.rulesets.create"]}
[debug] [2024-04-09T02:22:42.291Z] <<< [apiv2][status] POST https://cloudresourcemanager.googleapis.com/v1/projects/posmate-5fc0a:testIamPermissions 200
[debug] [2024-04-09T02:22:42.294Z] <<< [apiv2][body] POST https://cloudresourcemanager.googleapis.com/v1/projects/posmate-5fc0a:testIamPermissions {"permissions":["cloudfunctions.functions.create","cloudfunctions.functions.delete","cloudfunctions.functions.get","cloudfunctions.functions.list","cloudfunctions.functions.update","cloudfunctions.operations.get","datastore.indexes.create","datastore.indexes.delete","datastore.indexes.list","datastore.indexes.update","firebase.projects.get","firebasedatabase.instances.update","firebasehosting.sites.update","firebaserules.releases.create","firebaserules.releases.update","firebaserules.rulesets.create"]}
[debug] [2024-04-09T02:22:42.297Z] >>> [apiv2][query] POST https://iam.googleapis.com/v1/projects/posmate-5fc0a/serviceAccounts/posmate-5fc0a@appspot.gserviceaccount.com:testIamPermissions [none]
[debug] [2024-04-09T02:22:42.297Z] >>> [apiv2][body] POST https://iam.googleapis.com/v1/projects/posmate-5fc0a/serviceAccounts/posmate-5fc0a@appspot.gserviceaccount.com:testIamPermissions {"permissions":["iam.serviceAccounts.actAs"]}
[debug] [2024-04-09T02:22:42.779Z] <<< [apiv2][status] POST https://iam.googleapis.com/v1/projects/posmate-5fc0a/serviceAccounts/posmate-5fc0a@appspot.gserviceaccount.com:testIamPermissions 200
[debug] [2024-04-09T02:22:42.782Z] <<< [apiv2][body] POST https://iam.googleapis.com/v1/projects/posmate-5fc0a/serviceAccounts/posmate-5fc0a@appspot.gserviceaccount.com:testIamPermissions {"permissions":["iam.serviceAccounts.actAs"]}
[debug] [2024-04-09T02:22:42.784Z] >>> [apiv2][query] GET https://firebase.googleapis.com/v1beta1/projects/posmate-5fc0a [none]
